2013-11-26 20:36:05: resetupnewsletter\n2013-11-26 20:36:06: runnewsletter\n2013-11-26 20:39:03: resetupnewsletter\n2013-11-26 20:39:03: runnewsletter\n2013-11-26 20:39:03: 
2013-11-26 20:45:06: resetupnewsletter\n2013-11-26 20:45:06: runnewsletter\n2013-11-26 20:45:06: nienn@gmail.com
2013-11-26 20:51:51: resetupnewsletter\n2013-11-26 20:51:51: runnewsletter\n2013-11-26 20:51:51: nienn@gmail.com
2013-11-26 20:54:04: resetupnewsletter\n2013-11-26 20:54:05: runnewsletter\n2013-11-26 20:54:05: nienn@gmail.com
2013-11-26 21:37:18: resetupnewsletter\n2013-11-26 21:38:17: resetupnewsletter\n2013-11-26 21:39:22: resetupnewsletter\n2013-11-26 21:40:20: resetupnewsletter\n2013-11-26 21:42:02: resetupnewsletter\n2013-11-26 21:42:31: resetupnewsletter\n2013-11-26 21:42:31: sent to thanhhung1012@gmail.com
2013-11-26 21:42:57: sent to hfwtest01@gmail.com
2013-11-26 21:51:39: sent to thanhhung1012@gmail.com
2013-11-26 21:52:16: sent to hfwtest01@gmail.com
2013-11-26 21:55:25: sent to thanhhung1012@gmail.com
2013-11-26 21:55:30: sent to hfwtest01@gmail.com
2013-11-29 21:37:01: nienn@gmail.com
2013-11-29 21:37:02: sent to thanhhung1012@gmail.com
2013-11-29 21:37:13: sent to hfwtest01@gmail.com
2013-11-29 21:43:55: sent to thanhhung1012@gmail.com
2013-11-29 21:44:00: sent to hfwtest01@gmail.com
2013-11-29 21:50:10: sent to thanhhung1012@gmail.com
2013-11-29 21:50:17: sent to hfwtest01@gmail.com
2013-11-29 21:57:30: sent to thanhhung1012@gmail.com
2013-11-29 21:57:37: sent to hfwtest01@gmail.com
2013-11-29 21:58:39: sent to thanhhung1012@gmail.com
2013-11-29 21:58:48: sent to hfwtest01@gmail.com
2013-11-29 22:03:13: sent to thanhhung1012@gmail.com
2013-11-29 22:03:26: sent to hfwtest01@gmail.com
