2013-12-14 23:01:31: service starts [2013-12-14-23-01-311472][2013-12-14 23:01:31][10]]
2013-12-14 23:01:31: service is sleeping [2013-12-14-23-01-311472][2013-12-14 23:01:31][10][1]]
2013-12-14 23:01:41: service is sleeping [2013-12-14-23-01-311472][2013-12-14 23:01:31][10][2]]
2013-12-14 23:01:51: service stopped [2013-12-14-23-01-311472][2013-12-14 23:01:31][10]]
2013-12-14 23:05:47: service starts [2013-12-14-23-05-476286][2013-12-14 23:05:47][10]]
2013-12-14 23:05:47: service is sleeping [2013-12-14-23-05-476286][2013-12-14 23:05:47][10][1]]
2013-12-14 23:05:57: service is sleeping [2013-12-14-23-05-476286][2013-12-14 23:05:47][10][2]]
2013-12-14 23:06:07: service is sleeping [2013-12-14-23-05-476286][2013-12-14 23:05:47][10][3]]
2013-12-14 23:06:17: service is sleeping [2013-12-14-23-05-476286][2013-12-14 23:05:47][10][4]]
2013-12-14 23:06:27: service is sleeping [2013-12-14-23-05-476286][2013-12-14 23:05:47][10][5]]
2013-12-14 23:06:37: service is sleeping [2013-12-14-23-05-476286][2013-12-14 23:05:47][10][6]]
2013-12-14 23:06:47: service is sleeping [2013-12-14-23-05-476286][2013-12-14 23:05:47][10][7]]
2013-12-14 23:06:57: service stopped [2013-12-14-23-05-476286][2013-12-14 23:05:47][10]]
2013-12-14 23:54:17: service starts [2013-12-14-23-54-172459][2013-12-14 23:54:17][10]]
2013-12-14 23:54:17: service is sleeping [2013-12-14-23-54-172459][2013-12-14 23:54:17][10][1]]
2013-12-14 23:54:27: service is sleeping [2013-12-14-23-54-172459][2013-12-14 23:54:17][10][2]]
2013-12-14 23:54:37: service stopped [2013-12-14-23-54-172459][2013-12-14 23:54:17][10]]
2013-12-15 00:01:18: service starts [2013-12-15-00-01-183448][2013-12-15 00:01:18][10]]
2013-12-15 00:01:18: service is sleeping [2013-12-15-00-01-183448][2013-12-15 00:01:18][10][1]]
2013-12-15 00:01:28: service is sleeping [2013-12-15-00-01-183448][2013-12-15 00:01:18][10][2]]
2013-12-15 00:01:38: service stopped [2013-12-15-00-01-183448][2013-12-15 00:01:18][10]]
2013-12-15 00:06:03: service starts [2013-12-15-00-06-036488][2013-12-15 00:06:03][9]]
2013-12-15 00:06:03: service is sleeping [2013-12-15-00-06-036488][2013-12-15 00:06:03][9][1]]
2013-12-15 00:06:12: service is sleeping [2013-12-15-00-06-036488][2013-12-15 00:06:03][9][2]]
2013-12-15 00:06:21: service is sleeping [2013-12-15-00-06-036488][2013-12-15 00:06:03][9][3]]
2013-12-15 00:06:30: service is sleeping [2013-12-15-00-06-036488][2013-12-15 00:06:03][9][4]]
2013-12-15 00:06:39: service stopped [2013-12-15-00-06-036488][2013-12-15 00:06:03][9]]
2013-12-15 00:06:42: service starts [2013-12-15-00-06-426416][2013-12-15 00:06:42][9]]
2013-12-15 00:06:42: service is sleeping [2013-12-15-00-06-426416][2013-12-15 00:06:42][9][1]]
2013-12-15 00:06:51: service is sleeping [2013-12-15-00-06-426416][2013-12-15 00:06:42][9][2]]
2013-12-15 00:07:00: service stopped [2013-12-15-00-06-426416][2013-12-15 00:06:42][9]]
2013-12-15 00:10:18: service starts [2013-12-15-00-10-184853][2013-12-15 00:10:18][9]]
2013-12-15 00:10:18: service is sleeping [2013-12-15-00-10-184853][2013-12-15 00:10:18][9][1]]
2013-12-15 00:10:27: service is sleeping [2013-12-15-00-10-184853][2013-12-15 00:10:18][9][2]]
2013-12-15 00:10:36: service stopped [2013-12-15-00-10-184853][2013-12-15 00:10:18][9]]
2013-12-15 00:11:49: service starts [201312150011499178][2013-12-15 00:11:49][9]]
2013-12-15 00:11:49: service is sleeping [201312150011499178][2013-12-15 00:11:49][9][1]]
2013-12-15 00:11:58: service is sleeping [201312150011499178][2013-12-15 00:11:49][9][2]]
2013-12-15 00:12:07: service stopped [201312150011499178][2013-12-15 00:11:49][9]]
2013-12-15 00:21:52: service starts [201312150021525152][2013-12-15 00:21:52][9]]
2013-12-15 00:21:52: service is sleeping [201312150021525152][2013-12-15 00:21:52][9][1]]
2013-12-15 00:22:01: service is sleeping [201312150021525152][2013-12-15 00:21:52][9][2]]
2013-12-15 00:22:02: service starts [201312150022024838][2013-12-15 00:22:02][9]]
2013-12-15 00:22:02: service is sleeping [201312150022024838][2013-12-15 00:22:02][9][1]]
2013-12-15 00:22:10: service stopped [201312150021525152][2013-12-15 00:21:52][9]]
2013-12-15 00:22:11: service is sleeping [201312150022024838][2013-12-15 00:22:02][9][2]]
2013-12-15 00:22:20: service is sleeping [201312150022024838][2013-12-15 00:22:02][9][3]]
2013-12-15 00:22:29: service is sleeping [201312150022024838][2013-12-15 00:22:02][9][4]]
2013-12-15 00:22:38: service is sleeping [201312150022024838][2013-12-15 00:22:02][9][5]]
2013-12-15 00:22:47: service is sleeping [201312150022024838][2013-12-15 00:22:02][9][6]]
2013-12-15 00:22:56: service is sleeping [201312150022024838][2013-12-15 00:22:02][9][7]]
2013-12-15 00:23:05: service is sleeping [201312150022024838][2013-12-15 00:22:02][9][8]]
2013-12-15 00:23:14: service is sleeping [201312150022024838][2013-12-15 00:22:02][9][9]]
2013-12-15 00:23:23: service is sleeping [201312150022024838][2013-12-15 00:22:02][9][10]]
2013-12-15 00:23:32: service is sleeping [201312150022024838][2013-12-15 00:22:02][9][11]]
2013-12-15 00:23:41: service stopped [201312150022024838][2013-12-15 00:22:02][9]]
